0 verbose cli C:\Program Files\nodejs\node.exe C:\Users\USER\AppData\Roaming\npm\node_modules\npm\bin\npm-cli.js
1 info using npm@10.9.2
2 info using node@v22.11.0
3 silly config load:file:C:\Users\USER\AppData\Roaming\npm\node_modules\npm\npmrc
4 silly config load:file:d:\KasirApp\kasirapp\.npmrc
5 silly config load:file:C:\Users\USER\.npmrc
6 silly config load:file:C:\Users\USER\AppData\Roaming\npm\etc\npmrc
7 verbose title npm view sweetalert description dist-tags.latest homepage version time
8 verbose argv "view" "--json" "--" "sweetalert" "description" "dist-tags.latest" "homepage" "version" "time"
9 verbose logfile logs-max:10 dir:D:\KasirApp\kasirapp\npm-cache\_logs\2024-12-18T12_54_39_204Z-
10 verbose logfile D:\KasirApp\kasirapp\npm-cache\_logs\2024-12-18T12_54_39_204Z-debug-0.log
11 silly logfile start cleaning logs, removing 2 files
12 silly logfile done cleaning log files
13 http fetch GET 200 https://registry.npmjs.org/sweetalert 300ms (cache updated)
14 verbose cwd d:\KasirApp\kasirapp
15 verbose os Windows_NT 10.0.19045
16 verbose node v22.11.0
17 verbose npm  v10.9.2
18 verbose exit 0
19 info ok
